<?xml version="1.0" encoding="UTF-8"?>
<testsuite xmlns:xsi="http://www.w3.org/2001/XMLSchema-instance" xsi:noNamespaceSchemaLocation="https://maven.apache.org/surefire/maven-surefire-plugin/xsd/surefire-test-report-3.0.xsd" version="3.0" name="Demo.Dummy.AppTest" time="6.95" tests="1" errors="0" skipped="0" failures="0">
  <properties>
[...]
</properties>
  <testcase name="openFlipkart on openFlipkart(Demo.Dummy.AppTest)" classname="Demo.Dummy.AppTest" time="6.279">
    <system-err><![CDATA[Starting ChromeDriver 122.0.6261.128 (f18a44fedeb29764b2b5336c120fdd90ef1a3f5c-refs/branch-heads/6261@{#1057}) on port 31670
Only local connections are allowed.
Please see https://chromedriver.chromium.org/security-considerations for suggestions on keeping ChromeDriver safe.
ChromeDriver was started successfully.
[1713023086.979][WARNING]: This version of ChromeDriver has not been tested with Chrome version 123.
Apr 13, 2024 9:14:47 PM org.openqa.selenium.remote.ProtocolHandshake createSession
INFO: Detected dialect: W3C
]]></system-err>
  </testcase>
</testsuite>