<?xml version="1.0" encoding="UTF-8"?>
<testng-results ignored="0" total="1" passed="1" failed="0" skipped="0">
  <reporter-output>
  </reporter-output>
  <suite started-at="2024-04-13T21:14:44 IST" name="Surefire suite" finished-at="2024-04-13T21:14:51 IST" duration-ms="6350">
    <groups>
    </groups>
    <test started-at="2024-04-13T21:14:44 IST" name="Surefire test" finished-at="2024-04-13T21:14:51 IST" duration-ms="6350">
      <class name="Demo.Dummy.AppTest">
        <test-method signature="openFlipkart()" started-at="2024-04-13T21:14:44 IST" name="openFlipkart" finished-at="2024-04-13T21:14:51 IST" duration-ms="6283" status="PASS">
          <reporter-output>
          </reporter-output>
        </test-method> <!-- openFlipkart -->
      </class> <!-- Demo.Dummy.AppTest -->
    </test> <!-- Surefire test -->
  </suite> <!-- Surefire suite -->
</testng-results>
